<?xml version="1.0" encoding="UTF-8"?>
<testng-results ignored="0" total="1" passed="1" failed="0" skipped="0">
  <reporter-output>
  </reporter-output>
  <suite started-at="2022-02-19T14:39:10Z" name="Suite" finished-at="2022-02-19T14:39:11Z" duration-ms="209">
    <groups>
    </groups>
    <test started-at="2022-02-19T14:39:10Z" name="Test" finished-at="2022-02-19T14:39:11Z" duration-ms="209">
      <class name="DataBaseConnectionSql.SQLConnector">
        <test-method is-config="true" signature="setUp()[pri:0, instance:DataBaseConnectionSql.SQLConnector@bcef303]" started-at="2022-02-19T14:39:10Z" name="setUp" finished-at="2022-02-19T14:39:11Z" duration-ms="186" status="PASS">
          <reporter-output>
          </reporter-output>
        </test-method> <!-- setUp -->
        <test-method signature="test()[pri:0, instance:DataBaseConnectionSql.SQLConnector@bcef303]" started-at="2022-02-19T14:39:11Z" name="test" finished-at="2022-02-19T14:39:11Z" duration-ms="12" status="PASS">
          <reporter-output>
          </reporter-output>
        </test-method> <!-- test -->
        <test-method is-config="true" signature="tearDown()[pri:0, instance:DataBaseConnectionSql.SQLConnector@bcef303]" started-at="2022-02-19T14:39:11Z" name="tearDown" finished-at="2022-02-19T14:39:11Z" duration-ms="1" status="PASS">
          <reporter-output>
          </reporter-output>
        </test-method> <!-- tearDown -->
      </class> <!-- DataBaseConnectionSql.SQLConnector -->
    </test> <!-- Test -->
  </suite> <!-- Suite -->
</testng-results>
