<?xml version="1.0" encoding="UTF-8"?>
<!-- Generated by org.testng.reporters.JUnitXMLReporter -->
<testsuite ignored="0" hostname="inbl01lap7191" failures="0" tests="4" name="Test" time="13.231" errors="0" timestamp="19 Feb 2022 10:36:09 GMT">
  <testcase classname="TestCases.LoginPageTest" name="validateTitle" time="1.123"/>
  <testcase classname="TestCases.VerifyLogoutTestCase" name="validateLogin" time="0.935"/>
  <testcase classname="TestCases.NewDetailsEntry" name="validateNewDetails" time="4.127"/>
  <testcase classname="TestCases.DeleteCustomerTestCase" name="validateDelete" time="2.437"/>
</testsuite> <!-- Test -->
