<?xml version="1.0" encoding="UTF-8"?>
<testng-results ignored="0" total="4" passed="4" failed="0" skipped="0">
  <reporter-output>
  </reporter-output>
  <suite started-at="2022-02-19T10:35:55Z" name="Suite" finished-at="2022-02-19T10:36:08Z" duration-ms="13231">
    <groups>
    </groups>
    <test started-at="2022-02-19T10:35:55Z" name="Test" finished-at="2022-02-19T10:36:08Z" duration-ms="13231">
      <class name="TestCases.VerifyLogoutTestCase">
        <test-method is-config="true" signature="SetUp()[pri:0, instance:TestCases.VerifyLogoutTestCase@34f22f9d]" started-at="2022-02-19T10:36:01Z" name="SetUp" finished-at="2022-02-19T10:36:01Z" duration-ms="1" status="PASS">
          <reporter-output>
          </reporter-output>
        </test-method> <!-- SetUp -->
        <test-method signature="validateLogin()[pri:0, instance:TestCases.VerifyLogoutTestCase@34f22f9d]" started-at="2022-02-19T10:36:01Z" name="validateLogin" finished-at="2022-02-19T10:36:02Z" duration-ms="935" status="PASS">
          <reporter-output>
          </reporter-output>
        </test-method> <!-- validateLogin -->
      </class> <!-- TestCases.VerifyLogoutTestCase -->
      <class name="TestCases.DeleteCustomerTestCase">
        <test-method is-config="true" signature="SSetUp()[pri:0, instance:TestCases.DeleteCustomerTestCase@7dda48d9]" started-at="2022-02-19T10:36:06Z" name="SSetUp" finished-at="2022-02-19T10:36:06Z" duration-ms="1" status="PASS">
          <reporter-output>
          </reporter-output>
        </test-method> <!-- SSetUp -->
        <test-method signature="validateDelete()[pri:0, instance:TestCases.DeleteCustomerTestCase@7dda48d9]" started-at="2022-02-19T10:36:06Z" name="validateDelete" finished-at="2022-02-19T10:36:08Z" duration-ms="2437" status="PASS">
          <reporter-output>
          </reporter-output>
        </test-method> <!-- validateDelete -->
      </class> <!-- TestCases.DeleteCustomerTestCase -->
      <class name="TestCases.LoginPageTest">
        <test-method is-config="true" signature="SetUpLaunch()[pri:0, instance:TestCases.LoginPageTest@39655d3e]" started-at="2022-02-19T10:35:55Z" name="SetUpLaunch" finished-at="2022-02-19T10:36:00Z" duration-ms="4584" status="PASS">
          <reporter-output>
          </reporter-output>
        </test-method> <!-- SetUpLaunch -->
        <test-method signature="validateTitle()[pri:0, instance:TestCases.LoginPageTest@39655d3e]" started-at="2022-02-19T10:36:00Z" name="validateTitle" finished-at="2022-02-19T10:36:01Z" duration-ms="1123" status="PASS">
          <reporter-output>
          </reporter-output>
        </test-method> <!-- validateTitle -->
      </class> <!-- TestCases.LoginPageTest -->
      <class name="TestCases.NewDetailsEntry">
        <test-method is-config="true" signature="SetUpLaunch()[pri:0, instance:TestCases.NewDetailsEntry@3d1848cc]" started-at="2022-02-19T10:36:02Z" name="SetUpLaunch" finished-at="2022-02-19T10:36:02Z" duration-ms="4" status="PASS">
          <reporter-output>
          </reporter-output>
        </test-method> <!-- SetUpLaunch -->
        <test-method signature="validateNewDetails()[pri:0, instance:TestCases.NewDetailsEntry@3d1848cc]" started-at="2022-02-19T10:36:02Z" name="validateNewDetails" finished-at="2022-02-19T10:36:06Z" duration-ms="4127" status="PASS">
          <reporter-output>
          </reporter-output>
        </test-method> <!-- validateNewDetails -->
      </class> <!-- TestCases.NewDetailsEntry -->
    </test> <!-- Test -->
  </suite> <!-- Suite -->
</testng-results>
